# JRE version: Java(TM) SE Runtime Environment (7.0_72-b14) (build 1.7.0_72-b14)
# Java VM: Java HotSpot(TM) 64-Bit Server VM (24.72-b04 mixed mode linux-amd64 compressed oops)
Heap
 PSYoungGen      total 134144K, used 65024K [0x00000000ebe00000, 0x00000000f9080000, 0x0000000100000000)
  eden space 69120K, 0% used [0x00000000ebe00000,0x00000000ebe00000,0x00000000f0180000)
  from space 65024K, 100% used [0x00000000f0180000,0x00000000f4100000,0x00000000f4100000)
  to   space 54784K, 0% used [0x00000000f4100000,0x00000000f4100000,0x00000000f7680000)
 ParOldGen       total 240128K, used 205446K [0x00000000c3a00000, 0x00000000d2480000, 0x00000000ebe00000)
  object space 240128K, 85% used [0x00000000c3a00000,0x00000000d02a1b50,0x00000000d2480000)
 PSPermGen       total 21504K, used 2525K [0x00000000be800000, 0x00000000bfd00000, 0x00000000c3a00000)
  object space 21504K, 11% used [0x00000000be800000,0x00000000bea776a8,0x00000000bfd00000)
GC Heap History (10 events):
Event: 0,575 GC heap after
Heap after GC invocations=6 (full 2):
 PSYoungGen      total 53248K, used 2560K [0x00000000ebe00000, 0x00000000efb80000, 0x0000000100000000)
  eden space 50688K, 0% used [0x00000000ebe00000,0x00000000ebe00000,0x00000000eef80000)
  from space 2560K, 100% used [0x00000000ef900000,0x00000000efb80000,0x00000000efb80000)
  to   space 2560K, 0% used [0x00000000ef680000,0x00000000ef680000,0x00000000ef900000)
 ParOldGen       total 119296K, used 91966K [0x00000000c3a00000, 0x00000000cae80000, 0x00000000ebe00000)
  object space 119296K, 77% used [0x00000000c3a00000,0x00000000c93cf978,0x00000000cae80000)
 PSPermGen       total 21504K, used 2456K [0x00000000be800000, 0x00000000bfd00000, 0x00000000c3a00000)
  object space 21504K, 11% used [0x00000000be800000,0x00000000bea66098,0x00000000bfd00000)
}
Event: 0,575 GC heap before
{Heap before GC invocations=7 (full 3):
 PSYoungGen      total 53248K, used 2560K [0x00000000ebe00000, 0x00000000efb80000, 0x0000000100000000)
  eden space 50688K, 0% used [0x00000000ebe00000,0x00000000ebe00000,0x00000000eef80000)
  from space 2560K, 100% used [0x00000000ef900000,0x00000000efb80000,0x00000000efb80000)
  to   space 2560K, 0% used [0x00000000ef680000,0x00000000ef680000,0x00000000ef900000)
 ParOldGen       total 119296K, used 91966K [0x00000000c3a00000, 0x00000000cae80000, 0x00000000ebe00000)
  object space 119296K, 77% used [0x00000000c3a00000,0x00000000c93cf978,0x00000000cae80000)
 PSPermGen       total 21504K, used 2456K [0x00000000be800000, 0x00000000bfd00000, 0x00000000c3a00000)
  object space 21504K, 11% used [0x00000000be800000,0x00000000bea66098,0x00000000bfd00000)
Event: 0,601 GC heap after
Heap after GC invocations=7 (full 3):
 PSYoungGen      total 53248K, used 0K [0x00000000ebe00000, 0x00000000efb80000, 0x0000000100000000)
  eden space 50688K, 0% used [0x00000000ebe00000,0x00000000ebe00000,0x00000000eef80000)
  from space 2560K, 0% used [0x00000000ef900000,0x00000000ef900000,0x00000000efb80000)
  to   space 2560K, 0% used [0x00000000ef680000,0x00000000ef680000,0x00000000ef900000)
 ParOldGen       total 164352K, used 93875K [0x00000000c3a00000, 0x00000000cda80000, 0x00000000ebe00000)
  object space 164352K, 57% used [0x00000000c3a00000,0x00000000c95acee8,0x00000000cda80000)
 PSPermGen       total 21504K, used 2456K [0x00000000be800000, 0x00000000bfd00000, 0x00000000c3a00000)
  object space 21504K, 11% used [0x00000000be800000,0x00000000bea66098,0x00000000bfd00000)
}
Event: 0,629 GC heap before
{Heap before GC invocations=8 (full 3):
 PSYoungGen      total 53248K, used 50688K [0x00000000ebe00000, 0x00000000efb80000, 0x0000000100000000)
  eden space 50688K, 100% used [0x00000000ebe00000,0x00000000eef80000,0x00000000eef80000)
  from space 2560K, 0% used [0x00000000ef900000,0x00000000ef900000,0x00000000efb80000)
  to   space 2560K, 0% used [0x00000000ef680000,0x00000000ef680000,0x00000000ef900000)
 ParOldGen       total 164352K, used 93875K [0x00000000c3a00000, 0x00000000cda80000, 0x00000000ebe00000)
  object space 164352K, 57% used [0x00000000c3a00000,0x00000000c95acee8,0x00000000cda80000)
 PSPermGen       total 21504K, used 2456K [0x00000000be800000, 0x00000000bfd00000, 0x00000000c3a00000)
  object space 21504K, 11% used [0x00000000be800000,0x00000000bea66098,0x00000000bfd00000)
Event: 0,686 GC heap after
Heap after GC invocations=8 (full 3):
 PSYoungGen      total 60416K, used 2560K [0x00000000ebe00000, 0x00000000f7680000, 0x0000000100000000)
  eden space 57856K, 0% used [0x00000000ebe00000,0x00000000ebe00000,0x00000000ef680000)
  from space 2560K, 100% used [0x00000000ef680000,0x00000000ef900000,0x00000000ef900000)
  to   space 54784K, 0% used [0x00000000f4100000,0x00000000f4100000,0x00000000f7680000)
 ParOldGen       total 164352K, used 142979K [0x00000000c3a00000, 0x00000000cda80000, 0x00000000ebe00000)
  object space 164352K, 86% used [0x00000000c3a00000,0x00000000cc5a0ee8,0x00000000cda80000)
 PSPermGen       total 21504K, used 2456K [0x00000000be800000, 0x00000000bfd00000, 0x00000000c3a00000)
  object space 21504K, 11% used [0x00000000be800000,0x00000000bea66098,0x00000000bfd00000)
}
Event: 0,686 GC heap before
{Heap before GC invocations=9 (full 4):
 PSYoungGen      total 60416K, used 2560K [0x00000000ebe00000, 0x00000000f7680000, 0x0000000100000000)
  eden space 57856K, 0% used [0x00000000ebe00000,0x00000000ebe00000,0x00000000ef680000)
  from space 2560K, 100% used [0x00000000ef680000,0x00000000ef900000,0x00000000ef900000)
  to   space 54784K, 0% used [0x00000000f4100000,0x00000000f4100000,0x00000000f7680000)
 ParOldGen       total 164352K, used 142979K [0x00000000c3a00000, 0x00000000cda80000, 0x00000000ebe00000)
  object space 164352K, 86% used [0x00000000c3a00000,0x00000000cc5a0ee8,0x00000000cda80000)
 PSPermGen       total 21504K, used 2456K [0x00000000be800000, 0x00000000bfd00000, 0x00000000c3a00000)
  object space 21504K, 11% used [0x00000000be800000,0x00000000bea66098,0x00000000bfd00000)
Event: 0,761 GC heap after
Heap after GC invocations=9 (full 4):
 PSYoungGen      total 60416K, used 0K [0x00000000ebe00000, 0x00000000f7680000, 0x0000000100000000)
  eden space 57856K, 0% used [0x00000000ebe00000,0x00000000ebe00000,0x00000000ef680000)
  from space 2560K, 0% used [0x00000000ef680000,0x00000000ef680000,0x00000000ef900000)
  to   space 54784K, 0% used [0x00000000f4100000,0x00000000f4100000,0x00000000f7680000)
 ParOldGen       total 240128K, used 144486K [0x00000000c3a00000, 0x00000000d2480000, 0x00000000ebe00000)
  object space 240128K, 60% used [0x00000000c3a00000,0x00000000cc719b50,0x00000000d2480000)
 PSPermGen       total 21504K, used 2456K [0x00000000be800000, 0x00000000bfd00000, 0x00000000c3a00000)
  object space 21504K, 11% used [0x00000000be800000,0x00000000bea66098,0x00000000bfd00000)
}
Event: 1,392 GC heap before
{Heap before GC invocations=10 (full 4):
 PSYoungGen      total 60416K, used 57856K [0x00000000ebe00000, 0x00000000f7680000, 0x0000000100000000)
  eden space 57856K, 100% used [0x00000000ebe00000,0x00000000ef680000,0x00000000ef680000)
  from space 2560K, 0% used [0x00000000ef680000,0x00000000ef680000,0x00000000ef900000)
  to   space 54784K, 0% used [0x00000000f4100000,0x00000000f4100000,0x00000000f7680000)
 ParOldGen       total 240128K, used 144486K [0x00000000c3a00000, 0x00000000d2480000, 0x00000000ebe00000)
  object space 240128K, 60% used [0x00000000c3a00000,0x00000000cc719b50,0x00000000d2480000)
 PSPermGen       total 21504K, used 2525K [0x00000000be800000, 0x00000000bfd00000, 0x00000000c3a00000)
  object space 21504K, 11% used [0x00000000be800000,0x00000000bea776a8,0x00000000bfd00000)
Event: 1,441 GC heap after
Heap after GC invocations=10 (full 4):
 PSYoungGen      total 123904K, used 54784K [0x00000000ebe00000, 0x00000000f9080000, 0x0000000100000000)
  eden space 69120K, 0% used [0x00000000ebe00000,0x00000000ebe00000,0x00000000f0180000)
  from space 54784K, 100% used [0x00000000f4100000,0x00000000f7680000,0x00000000f7680000)
  to   space 65024K, 0% used [0x00000000f0180000,0x00000000f0180000,0x00000000f4100000)
 ParOldGen       total 240128K, used 145206K [0x00000000c3a00000, 0x00000000d2480000, 0x00000000ebe00000)
  object space 240128K, 60% used [0x00000000c3a00000,0x00000000cc7cdb50,0x00000000d2480000)
 PSPermGen       total 21504K, used 2525K [0x00000000be800000, 0x00000000bfd00000, 0x00000000c3a00000)
  object space 21504K, 11% used [0x00000000be800000,0x00000000bea776a8,0x00000000bfd00000)
}
Event: 1,464 GC heap before
{Heap before GC invocations=11 (full 4):
 PSYoungGen      total 123904K, used 123904K [0x00000000ebe00000, 0x00000000f9080000, 0x0000000100000000)
  eden space 69120K, 100% used [0x00000000ebe00000,0x00000000f0180000,0x00000000f0180000)
  from space 54784K, 100% used [0x00000000f4100000,0x00000000f7680000,0x00000000f7680000)
  to   space 65024K, 0% used [0x00000000f0180000,0x00000000f0180000,0x00000000f4100000)
 ParOldGen       total 240128K, used 145206K [0x00000000c3a00000, 0x00000000d2480000, 0x00000000ebe00000)
  object space 240128K, 60% used [0x00000000c3a00000,0x00000000cc7cdb50,0x00000000d2480000)
 PSPermGen       total 21504K, used 2525K [0x00000000be800000, 0x00000000bfd00000, 0x00000000c3a00000)
  object space 21504K, 11% used [0x00000000be800000,0x00000000bea776a8,0x00000000bfd00000)

