# JRE version: Java(TM) SE Runtime Environment (7.0_72-b14) (build 1.7.0_72-b14)
# Java VM: Java HotSpot(TM) 64-Bit Server VM (24.72-b04 mixed mode linux-amd64 compressed oops)
Heap
 PSYoungGen      total 138240K, used 67584K [0x00000000ebe00000, 0x00000000f9480000, 0x0000000100000000)
  eden space 70656K, 0% used [0x00000000ebe00000,0x00000000ebe00000,0x00000000f0300000)
  from space 67584K, 100% used [0x00000000f0300000,0x00000000f4500000,0x00000000f4500000)
  to   space 56320K, 0% used [0x00000000f4500000,0x00000000f4500000,0x00000000f7c00000)
 ParOldGen       total 244224K, used 208884K [0x00000000c3a00000, 0x00000000d2880000, 0x00000000ebe00000)
  object space 244224K, 85% used [0x00000000c3a00000,0x00000000d05fd398,0x00000000d2880000)
 PSPermGen       total 21504K, used 2517K [0x00000000be800000, 0x00000000bfd00000, 0x00000000c3a00000)
  object space 21504K, 11% used [0x00000000be800000,0x00000000bea75470,0x00000000bfd00000)
GC Heap History (10 events):
Event: 0,988 GC heap after
Heap after GC invocations=6 (full 2):
 PSYoungGen      total 55808K, used 2560K [0x00000000ebe00000, 0x00000000efa00000, 0x0000000100000000)
  eden space 53248K, 0% used [0x00000000ebe00000,0x00000000ebe00000,0x00000000ef200000)
  from space 2560K, 100% used [0x00000000ef780000,0x00000000efa00000,0x00000000efa00000)
  to   space 2560K, 0% used [0x00000000ef500000,0x00000000ef500000,0x00000000ef780000)
 ParOldGen       total 119808K, used 91974K [0x00000000c3a00000, 0x00000000caf00000, 0x00000000ebe00000)
  object space 119808K, 76% used [0x00000000c3a00000,0x00000000c93d1978,0x00000000caf00000)
 PSPermGen       total 21504K, used 2456K [0x00000000be800000, 0x00000000bfd00000, 0x00000000c3a00000)
  object space 21504K, 11% used [0x00000000be800000,0x00000000bea66020,0x00000000bfd00000)
}
Event: 0,988 GC heap before
{Heap before GC invocations=7 (full 3):
 PSYoungGen      total 55808K, used 2560K [0x00000000ebe00000, 0x00000000efa00000, 0x0000000100000000)
  eden space 53248K, 0% used [0x00000000ebe00000,0x00000000ebe00000,0x00000000ef200000)
  from space 2560K, 100% used [0x00000000ef780000,0x00000000efa00000,0x00000000efa00000)
  to   space 2560K, 0% used [0x00000000ef500000,0x00000000ef500000,0x00000000ef780000)
 ParOldGen       total 119808K, used 91974K [0x00000000c3a00000, 0x00000000caf00000, 0x00000000ebe00000)
  object space 119808K, 76% used [0x00000000c3a00000,0x00000000c93d1978,0x00000000caf00000)
 PSPermGen       total 21504K, used 2456K [0x00000000be800000, 0x00000000bfd00000, 0x00000000c3a00000)
  object space 21504K, 11% used [0x00000000be800000,0x00000000bea66020,0x00000000bfd00000)
Event: 1,120 GC heap after
Heap after GC invocations=7 (full 3):
 PSYoungGen      total 55808K, used 0K [0x00000000ebe00000, 0x00000000efa00000, 0x0000000100000000)
  eden space 53248K, 0% used [0x00000000ebe00000,0x00000000ebe00000,0x00000000ef200000)
  from space 2560K, 0% used [0x00000000ef780000,0x00000000ef780000,0x00000000efa00000)
  to   space 2560K, 0% used [0x00000000ef500000,0x00000000ef500000,0x00000000ef780000)
 ParOldGen       total 163840K, used 93875K [0x00000000c3a00000, 0x00000000cda00000, 0x00000000ebe00000)
  object space 163840K, 57% used [0x00000000c3a00000,0x00000000c95acee8,0x00000000cda00000)
 PSPermGen       total 21504K, used 2456K [0x00000000be800000, 0x00000000bfd00000, 0x00000000c3a00000)
  object space 21504K, 11% used [0x00000000be800000,0x00000000bea66020,0x00000000bfd00000)
}
Event: 1,205 GC heap before
{Heap before GC invocations=8 (full 3):
 PSYoungGen      total 55808K, used 53248K [0x00000000ebe00000, 0x00000000efa00000, 0x0000000100000000)
  eden space 53248K, 100% used [0x00000000ebe00000,0x00000000ef200000,0x00000000ef200000)
  from space 2560K, 0% used [0x00000000ef780000,0x00000000ef780000,0x00000000efa00000)
  to   space 2560K, 0% used [0x00000000ef500000,0x00000000ef500000,0x00000000ef780000)
 ParOldGen       total 163840K, used 93875K [0x00000000c3a00000, 0x00000000cda00000, 0x00000000ebe00000)
  object space 163840K, 57% used [0x00000000c3a00000,0x00000000c95acee8,0x00000000cda00000)
 PSPermGen       total 21504K, used 2456K [0x00000000be800000, 0x00000000bfd00000, 0x00000000c3a00000)
  object space 21504K, 11% used [0x00000000be800000,0x00000000bea66020,0x00000000bfd00000)
Event: 1,265 GC heap after
Heap after GC invocations=8 (full 3):
 PSYoungGen      total 58880K, used 2560K [0x00000000ebe00000, 0x00000000f7c00000, 0x0000000100000000)
  eden space 56320K, 0% used [0x00000000ebe00000,0x00000000ebe00000,0x00000000ef500000)
  from space 2560K, 100% used [0x00000000ef500000,0x00000000ef780000,0x00000000ef780000)
  to   space 56320K, 0% used [0x00000000f4500000,0x00000000f4500000,0x00000000f7c00000)
 ParOldGen       total 163840K, used 145579K [0x00000000c3a00000, 0x00000000cda00000, 0x00000000ebe00000)
  object space 163840K, 88% used [0x00000000c3a00000,0x00000000cc82aee8,0x00000000cda00000)
 PSPermGen       total 21504K, used 2456K [0x00000000be800000, 0x00000000bfd00000, 0x00000000c3a00000)
  object space 21504K, 11% used [0x00000000be800000,0x00000000bea66020,0x00000000bfd00000)
}
Event: 1,265 GC heap before
{Heap before GC invocations=9 (full 4):
 PSYoungGen      total 58880K, used 2560K [0x00000000ebe00000, 0x00000000f7c00000, 0x0000000100000000)
  eden space 56320K, 0% used [0x00000000ebe00000,0x00000000ebe00000,0x00000000ef500000)
  from space 2560K, 100% used [0x00000000ef500000,0x00000000ef780000,0x00000000ef780000)
  to   space 56320K, 0% used [0x00000000f4500000,0x00000000f4500000,0x00000000f7c00000)
 ParOldGen       total 163840K, used 145579K [0x00000000c3a00000, 0x00000000cda00000, 0x00000000ebe00000)
  object space 163840K, 88% used [0x00000000c3a00000,0x00000000cc82aee8,0x00000000cda00000)
 PSPermGen       total 21504K, used 2456K [0x00000000be800000, 0x00000000bfd00000, 0x00000000c3a00000)
  object space 21504K, 11% used [0x00000000be800000,0x00000000bea66020,0x00000000bfd00000)
Event: 1,360 GC heap after
Heap after GC invocations=9 (full 4):
 PSYoungGen      total 58880K, used 0K [0x00000000ebe00000, 0x00000000f7c00000, 0x0000000100000000)
  eden space 56320K, 0% used [0x00000000ebe00000,0x00000000ebe00000,0x00000000ef500000)
  from space 2560K, 0% used [0x00000000ef500000,0x00000000ef500000,0x00000000ef780000)
  to   space 56320K, 0% used [0x00000000f4500000,0x00000000f4500000,0x00000000f7c00000)
 ParOldGen       total 244224K, used 147036K [0x00000000c3a00000, 0x00000000d2880000, 0x00000000ebe00000)
  object space 244224K, 60% used [0x00000000c3a00000,0x00000000cc997398,0x00000000d2880000)
 PSPermGen       total 21504K, used 2456K [0x00000000be800000, 0x00000000bfd00000, 0x00000000c3a00000)
  object space 21504K, 11% used [0x00000000be800000,0x00000000bea66020,0x00000000bfd00000)
}
Event: 1,644 GC heap before
{Heap before GC invocations=10 (full 4):
 PSYoungGen      total 58880K, used 56320K [0x00000000ebe00000, 0x00000000f7c00000, 0x0000000100000000)
  eden space 56320K, 100% used [0x00000000ebe00000,0x00000000ef500000,0x00000000ef500000)
  from space 2560K, 0% used [0x00000000ef500000,0x00000000ef500000,0x00000000ef780000)
  to   space 56320K, 0% used [0x00000000f4500000,0x00000000f4500000,0x00000000f7c00000)
 ParOldGen       total 244224K, used 147036K [0x00000000c3a00000, 0x00000000d2880000, 0x00000000ebe00000)
  object space 244224K, 60% used [0x00000000c3a00000,0x00000000cc997398,0x00000000d2880000)
 PSPermGen       total 21504K, used 2517K [0x00000000be800000, 0x00000000bfd00000, 0x00000000c3a00000)
  object space 21504K, 11% used [0x00000000be800000,0x00000000bea75470,0x00000000bfd00000)
Event: 1,744 GC heap after
Heap after GC invocations=10 (full 4):
 PSYoungGen      total 126976K, used 56320K [0x00000000ebe00000, 0x00000000f9480000, 0x0000000100000000)
  eden space 70656K, 0% used [0x00000000ebe00000,0x00000000ebe00000,0x00000000f0300000)
  from space 56320K, 100% used [0x00000000f4500000,0x00000000f7c00000,0x00000000f7c00000)
  to   space 67584K, 0% used [0x00000000f0300000,0x00000000f0300000,0x00000000f4500000)
 ParOldGen       total 244224K, used 148052K [0x00000000c3a00000, 0x00000000d2880000, 0x00000000ebe00000)
  object space 244224K, 60% used [0x00000000c3a00000,0x00000000cca95398,0x00000000d2880000)
 PSPermGen       total 21504K, used 2517K [0x00000000be800000, 0x00000000bfd00000, 0x00000000c3a00000)
  object space 21504K, 11% used [0x00000000be800000,0x00000000bea75470,0x00000000bfd00000)
}
Event: 1,801 GC heap before
{Heap before GC invocations=11 (full 4):
 PSYoungGen      total 126976K, used 126976K [0x00000000ebe00000, 0x00000000f9480000, 0x0000000100000000)
  eden space 70656K, 100% used [0x00000000ebe00000,0x00000000f0300000,0x00000000f0300000)
  from space 56320K, 100% used [0x00000000f4500000,0x00000000f7c00000,0x00000000f7c00000)
  to   space 67584K, 0% used [0x00000000f0300000,0x00000000f0300000,0x00000000f4500000)
 ParOldGen       total 244224K, used 148052K [0x00000000c3a00000, 0x00000000d2880000, 0x00000000ebe00000)
  object space 244224K, 60% used [0x00000000c3a00000,0x00000000cca95398,0x00000000d2880000)
 PSPermGen       total 21504K, used 2517K [0x00000000be800000, 0x00000000bfd00000, 0x00000000c3a00000)
  object space 21504K, 11% used [0x00000000be800000,0x00000000bea75470,0x00000000bfd00000)

